/Users/janardhankarravula/anaconda3/envs/bioinfo/lib/python3.9/site-packages/quast-5.2.0-py3.9.egg/EGG-INFO/scripts/quast.py -o quast_output spades_output/contigs.fasta

Version: 5.2.0

System information:
  OS: macOS-14.4.1-arm64-arm-64bit (macosx)
  Python version: 3.9.19
  CPUs number: 8

Started: 2024-05-06 22:38:56

Logging to /Users/janardhankarravula/Developer/masters/sem3-BINFO/finalProject/quast_output/quast.log
NOTICE: Maximum number of threads is set to 2 (use --threads option to set it manually)

CWD: /Users/janardhankarravula/Developer/masters/sem3-BINFO/finalProject
Main parameters: 
  MODE: default, threads: 2, min contig length: 500, min alignment length: 65, min alignment IDY: 95.0, \
  ambiguity: one, min local misassembly length: 200, min extensive misassembly length: 1000

WARNING: Can't draw plots: python-matplotlib is missing or corrupted.

Contigs:
  Pre-processing...
  spades_output/contigs.fasta ==> contigs

2024-05-06 22:38:56
Running Basic statistics processor...
  Contig files: 
    contigs
  Calculating N50 and L50...
    contigs, N50 = 11827, L50 = 2, auN = 12255.2, Total length = 39114, GC % = 41.30, # N's per 100 kbp =  0.00
Done.

NOTICE: Genes are not predicted by default. Use --gene-finding or --glimmer option to enable it.

2024-05-06 22:38:56
Creating large visual summaries...
This may take a while: press Ctrl-C to skip this step..
  1 of 1: Creating Icarus viewers...
Done

2024-05-06 22:38:56
RESULTS:
  Text versions of total report are saved to /Users/janardhankarravula/Developer/masters/sem3-BINFO/finalProject/quast_output/report.txt, report.tsv, and report.tex
  Text versions of transposed total report are saved to /Users/janardhankarravula/Developer/masters/sem3-BINFO/finalProject/quast_output/transposed_report.txt, transposed_report.tsv, and transposed_report.tex
  HTML version (interactive tables and plots) is saved to /Users/janardhankarravula/Developer/masters/sem3-BINFO/finalProject/quast_output/report.html
  Icarus (contig browser) is saved to /Users/janardhankarravula/Developer/masters/sem3-BINFO/finalProject/quast_output/icarus.html
  Log is saved to /Users/janardhankarravula/Developer/masters/sem3-BINFO/finalProject/quast_output/quast.log

Finished: 2024-05-06 22:38:56
Elapsed time: 0:00:00.171654
NOTICEs: 2; WARNINGs: 1; non-fatal ERRORs: 0

Thank you for using QUAST!
